2023-11-20 19:57:43.784  INFO 15672 --- [main] c.m.u.i.PatientControllerIntegrationTest : Starting PatientControllerIntegrationTest using Java 17.0.6 on LAPTOP-PN5D3RE4 with PID 15672 (started by igoro in D:\prog_web\prog\Project 9\practice\mycode\prod\Mediscreen\ui-service)
2023-11-20 19:57:43.790  INFO 15672 --- [main] c.m.u.i.PatientControllerIntegrationTest : The following 1 profile is active: "dev"
2023-11-20 19:57:44.490  INFO 15672 --- [main] o.s.cloud.context.scope.GenericScope     : BeanFactory id=80fee988-5d70-3edf-a3ed-de6d77cc8df5
2023-11-20 19:57:45.299  INFO 15672 --- [main] o.s.b.a.w.s.WelcomePageHandlerMapping    : Adding welcome page template: index
2023-11-20 19:57:45.605  INFO 15672 --- [main] o.s.b.t.m.w.SpringBootMockServletContext : Initializing Spring TestDispatcherServlet ''
2023-11-20 19:57:45.606  INFO 15672 --- [main] o.s.t.web.servlet.TestDispatcherServlet  : Initializing Servlet ''
2023-11-20 19:57:45.607  INFO 15672 --- [main] o.s.t.web.servlet.TestDispatcherServlet  : Completed initialization in 1 ms
2023-11-20 19:57:46.786  INFO 15672 --- [main] o.s.cloud.commons.util.InetUtils         : Cannot determine local hostname
2023-11-20 19:57:46.814  INFO 15672 --- [main] c.m.u.i.PatientControllerIntegrationTest : Started PatientControllerIntegrationTest in 4.452 seconds (JVM running for 5.391)
2023-11-20 19:57:47.324  WARN 15672 --- [main] c.m.u.controller.PatientController       : UI-SERVICE: PatientController - Search patient by last name. The search is successful.
2023-11-20 19:58:06.569  INFO 24816 --- [main] c.m.u.i.PatientControllerIntegrationTest : Starting PatientControllerIntegrationTest using Java 17.0.6 on LAPTOP-PN5D3RE4 with PID 24816 (started by igoro in D:\prog_web\prog\Project 9\practice\mycode\prod\Mediscreen\ui-service)
2023-11-20 19:58:06.571  INFO 24816 --- [main] c.m.u.i.PatientControllerIntegrationTest : The following 1 profile is active: "dev"
2023-11-20 19:58:07.221  INFO 24816 --- [main] o.s.cloud.context.scope.GenericScope     : BeanFactory id=80fee988-5d70-3edf-a3ed-de6d77cc8df5
2023-11-20 19:58:08.008  INFO 24816 --- [main] o.s.b.a.w.s.WelcomePageHandlerMapping    : Adding welcome page template: index
2023-11-20 19:58:08.308  INFO 24816 --- [main] o.s.b.t.m.w.SpringBootMockServletContext : Initializing Spring TestDispatcherServlet ''
2023-11-20 19:58:08.309  INFO 24816 --- [main] o.s.t.web.servlet.TestDispatcherServlet  : Initializing Servlet ''
2023-11-20 19:58:08.310  INFO 24816 --- [main] o.s.t.web.servlet.TestDispatcherServlet  : Completed initialization in 1 ms
2023-11-20 19:58:09.474  INFO 24816 --- [main] o.s.cloud.commons.util.InetUtils         : Cannot determine local hostname
2023-11-20 19:58:09.505  INFO 24816 --- [main] c.m.u.i.PatientControllerIntegrationTest : Started PatientControllerIntegrationTest in 4.361 seconds (JVM running for 5.329)
2023-11-20 19:58:10.006  WARN 24816 --- [main] c.m.u.controller.PatientController       : UI-SERVICE: PatientController - Search patient by last name. The search is successful.
2023-11-20 19:59:51.320  INFO 26756 --- [main] c.m.u.controller.ReportControllerTest    : Starting ReportControllerTest using Java 17.0.6 on LAPTOP-PN5D3RE4 with PID 26756 (started by igoro in D:\prog_web\prog\Project 9\practice\mycode\prod\Mediscreen\ui-service)
2023-11-20 19:59:51.321  INFO 26756 --- [main] c.m.u.controller.ReportControllerTest    : The following 1 profile is active: "dev"
2023-11-20 19:59:52.530  INFO 26756 --- [main] o.s.b.a.w.s.WelcomePageHandlerMapping    : Adding welcome page template: index
2023-11-20 19:59:52.719  INFO 26756 --- [main] o.s.b.t.m.w.SpringBootMockServletContext : Initializing Spring TestDispatcherServlet ''
2023-11-20 19:59:52.719  INFO 26756 --- [main] o.s.t.web.servlet.TestDispatcherServlet  : Initializing Servlet ''
2023-11-20 19:59:52.721  INFO 26756 --- [main] o.s.t.web.servlet.TestDispatcherServlet  : Completed initialization in 1 ms
2023-11-20 19:59:52.749  INFO 26756 --- [main] c.m.u.controller.ReportControllerTest    : Started ReportControllerTest in 2.887 seconds (JVM running for 3.904)
2023-11-20 19:59:52.856  INFO 26756 --- [main] c.m.u.controller.ReportController        : UI-SERVICE: ReportController - Get report by patient ID
2023-11-20 19:59:53.099  INFO 26756 --- [main] .b.t.a.w.s.WebMvcTestContextBootstrapper : Neither @ContextConfiguration nor @ContextHierarchy found for test class [com.mediscreen.uiservice.controller.PatientControllerTest], using SpringBootContextLoader
2023-11-20 19:59:53.101  INFO 26756 --- [main] o.s.t.c.support.AbstractContextLoader    : Could not detect default resource locations for test class [com.mediscreen.uiservice.controller.PatientControllerTest]: no resource found for suffixes {-context.xml, Context.groovy}.
2023-11-20 19:59:53.101  INFO 26756 --- [main] t.c.s.AnnotationConfigContextLoaderUtils : Could not detect default configuration classes for test class [com.mediscreen.uiservice.controller.PatientControllerTest]: PatientControllerTest does not declare any static, non-private, non-final, nested classes annotated with @Configuration.
2023-11-20 19:59:53.104  INFO 26756 --- [main] .b.t.c.SpringBootTestContextBootstrapper : Found @SpringBootConfiguration com.mediscreen.uiservice.UiServiceApplication for test class com.mediscreen.uiservice.controller.PatientControllerTest
2023-11-20 19:59:53.105  INFO 26756 --- [main] .b.t.a.w.s.WebMvcTestContextBootstrapper : Loaded default TestExecutionListener class names from location [META-INF/spring.factories]: [org.springframework.boot.test.mock.mockito.MockitoTestExecutionListener, org.springframework.boot.test.mock.mockito.ResetMocksTestExecutionListener, org.springframework.boot.test.autoconfigure.restdocs.RestDocsTestExecutionListener, org.springframework.boot.test.autoconfigure.web.client.MockRestServiceServerResetTestExecutionListener, org.springframework.boot.test.autoconfigure.web.servlet.MockMvcPrintOnlyOnFailureTestExecutionListener, org.springframework.boot.test.autoconfigure.web.servlet.WebDriverTestExecutionListener, org.springframework.boot.test.autoconfigure.webservices.client.MockWebServiceServerTestExecutionListener, org.springframework.test.context.web.ServletTestExecutionListener, org.springframework.test.context.support.DirtiesContextBeforeModesTestExecutionListener, org.springframework.test.context.event.ApplicationEventsTestExecutionListener, org.springframework.test.context.support.DependencyInjectionTestExecutionListener, org.springframework.test.context.support.DirtiesContextTestExecutionListener, org.springframework.test.context.transaction.TransactionalTestExecutionListener, org.springframework.test.context.jdbc.SqlScriptsTestExecutionListener, org.springframework.test.context.event.EventPublishingTestExecutionListener]
2023-11-20 19:59:53.105  INFO 26756 --- [main] .b.t.a.w.s.WebMvcTestContextBootstrapper : Using TestExecutionListeners: [org.springframework.test.context.web.ServletTestExecutionListener@1d2046bb, org.springframework.test.context.support.DirtiesContextBeforeModesTestExecutionListener@3b33fff9, org.springframework.test.context.event.ApplicationEventsTestExecutionListener@fd87c22, org.springframework.boot.test.mock.mockito.MockitoTestExecutionListener@fee881, org.springframework.boot.test.autoconfigure.SpringBootDependencyInjectionTestExecutionListener@1ff463bb, org.springframework.test.context.support.DirtiesContextTestExecutionListener@3b9c9b8b, org.springframework.test.context.event.EventPublishingTestExecutionListener@7769d9b6, org.springframework.boot.test.mock.mockito.ResetMocksTestExecutionListener@248d3a, org.springframework.boot.test.autoconfigure.restdocs.RestDocsTestExecutionListener@3c71cf3e, org.springframework.boot.test.autoconfigure.web.client.MockRestServiceServerResetTestExecutionListener@636e4bf8, org.springframework.boot.test.autoconfigure.web.servlet.MockMvcPrintOnlyOnFailureTestExecutionListener@5af38a4a, org.springframework.boot.test.autoconfigure.web.servlet.WebDriverTestExecutionListener@7e1a9173, org.springframework.boot.test.autoconfigure.webservices.client.MockWebServiceServerTestExecutionListener@4ca0b9b1]
2023-11-20 19:59:54.249  INFO 26756 --- [main] c.m.u.controller.PatientControllerTest   : Starting PatientControllerTest using Java 17.0.6 on LAPTOP-PN5D3RE4 with PID 26756 (started by igoro in D:\prog_web\prog\Project 9\practice\mycode\prod\Mediscreen\ui-service)
2023-11-20 19:59:54.250  INFO 26756 --- [main] c.m.u.controller.PatientControllerTest   : The following 1 profile is active: "dev"
2023-11-20 19:59:54.549  INFO 26756 --- [main] o.s.b.a.w.s.WelcomePageHandlerMapping    : Adding welcome page template: index
2023-11-20 19:59:54.660  INFO 26756 --- [main] o.s.b.t.m.w.SpringBootMockServletContext : Initializing Spring TestDispatcherServlet ''
2023-11-20 19:59:54.661  INFO 26756 --- [main] o.s.t.web.servlet.TestDispatcherServlet  : Initializing Servlet ''
2023-11-20 19:59:54.661  INFO 26756 --- [main] o.s.t.web.servlet.TestDispatcherServlet  : Completed initialization in 0 ms
2023-11-20 19:59:54.671  INFO 26756 --- [main] c.m.u.controller.PatientControllerTest   : Started PatientControllerTest in 1.564 seconds (JVM running for 5.826)
2023-11-20 19:59:54.685  INFO 26756 --- [main] c.m.u.controller.PatientController       : UI-SERVICE: PatientController - Get patients list
2023-11-20 19:59:54.836  WARN 26756 --- [main] javax.persistence.spi                    : javax.persistence.spi::No valid providers found.
2023-11-20 19:59:54.849  WARN 26756 --- [main] c.m.u.controller.PatientController       : UI-SERVICE: PatientController - The birth date is incorrect.
2023-11-20 19:59:54.890  INFO 26756 --- [main] c.m.u.controller.PatientController       : UI-SERVICE: PatientController - Get update patient form by patient ID
2023-11-20 19:59:54.914  INFO 26756 --- [main] c.m.u.controller.PatientController       : UI-SERVICE: PatientController - The patient has been updated successfully.
2023-11-20 19:59:54.938  WARN 26756 --- [main] c.m.u.controller.PatientController       : UI-SERVICE: PatientController - The birth date is incorrect.
2023-11-20 19:59:54.959 ERROR 26756 --- [main] c.m.u.controller.PatientController       : UI-SERVICE: PatientController - Update patient form has errors
2023-11-20 19:59:54.975  WARN 26756 --- [main] c.m.u.controller.PatientController       : UI-SERVICE: PatientController - Search patient by last name. The search is successful.
2023-11-20 19:59:54.991  INFO 26756 --- [main] c.m.u.controller.PatientController       : UI-SERVICE: PatientController - Delete patient by patient ID
2023-11-20 19:59:55.005  WARN 26756 --- [main] c.m.u.controller.PatientController       : UI-SERVICE: PatientController - Search patient by last name. The search is successful.
2023-11-20 19:59:55.019  WARN 26756 --- [main] c.m.u.controller.PatientController       : UI-SERVICE: PatientController - Search patient by last name. Patient not found.
2023-11-20 19:59:55.030  INFO 26756 --- [main] c.m.u.controller.PatientController       : UI-SERVICE: PatientController - The patient has been created successfully.
2023-11-20 19:59:55.039  WARN 26756 --- [main] c.m.u.controller.PatientController       : UI-SERVICE: PatientController - Search patient by last name. Patient not found.
2023-11-20 19:59:55.047  INFO 26756 --- [main] .b.t.c.SpringBootTestContextBootstrapper : Neither @ContextConfiguration nor @ContextHierarchy found for test class [com.mediscreen.uiservice.UiServiceApplicationTests], using SpringBootContextLoader
2023-11-20 19:59:55.047  INFO 26756 --- [main] o.s.t.c.support.AbstractContextLoader    : Could not detect default resource locations for test class [com.mediscreen.uiservice.UiServiceApplicationTests]: no resource found for suffixes {-context.xml, Context.groovy}.
2023-11-20 19:59:55.048  INFO 26756 --- [main] t.c.s.AnnotationConfigContextLoaderUtils : Could not detect default configuration classes for test class [com.mediscreen.uiservice.UiServiceApplicationTests]: UiServiceApplicationTests does not declare any static, non-private, non-final, nested classes annotated with @Configuration.
2023-11-20 19:59:55.052  INFO 26756 --- [main] .b.t.c.SpringBootTestContextBootstrapper : Found @SpringBootConfiguration com.mediscreen.uiservice.UiServiceApplication for test class com.mediscreen.uiservice.UiServiceApplicationTests
2023-11-20 19:59:55.059  INFO 26756 --- [main] .b.t.c.SpringBootTestContextBootstrapper : Loaded default TestExecutionListener class names from location [META-INF/spring.factories]: [org.springframework.boot.test.mock.mockito.MockitoTestExecutionListener, org.springframework.boot.test.mock.mockito.ResetMocksTestExecutionListener, org.springframework.boot.test.autoconfigure.restdocs.RestDocsTestExecutionListener, org.springframework.boot.test.autoconfigure.web.client.MockRestServiceServerResetTestExecutionListener, org.springframework.boot.test.autoconfigure.web.servlet.MockMvcPrintOnlyOnFailureTestExecutionListener, org.springframework.boot.test.autoconfigure.web.servlet.WebDriverTestExecutionListener, org.springframework.boot.test.autoconfigure.webservices.client.MockWebServiceServerTestExecutionListener, org.springframework.test.context.web.ServletTestExecutionListener, org.springframework.test.context.support.DirtiesContextBeforeModesTestExecutionListener, org.springframework.test.context.event.ApplicationEventsTestExecutionListener, org.springframework.test.context.support.DependencyInjectionTestExecutionListener, org.springframework.test.context.support.DirtiesContextTestExecutionListener, org.springframework.test.context.transaction.TransactionalTestExecutionListener, org.springframework.test.context.jdbc.SqlScriptsTestExecutionListener, org.springframework.test.context.event.EventPublishingTestExecutionListener]
2023-11-20 19:59:55.061  INFO 26756 --- [main] .b.t.c.SpringBootTestContextBootstrapper : Using TestExecutionListeners: [org.springframework.test.context.web.ServletTestExecutionListener@1ce2029b, org.springframework.test.context.support.DirtiesContextBeforeModesTestExecutionListener@43090195, org.springframework.test.context.event.ApplicationEventsTestExecutionListener@7921a37d, org.springframework.boot.test.mock.mockito.MockitoTestExecutionListener@6fc28e5b, org.springframework.boot.test.autoconfigure.SpringBootDependencyInjectionTestExecutionListener@6338afe2, org.springframework.test.context.support.DirtiesContextTestExecutionListener@68360fb9, org.springframework.test.context.event.EventPublishingTestExecutionListener@1c787389, org.springframework.boot.test.mock.mockito.ResetMocksTestExecutionListener@67b3960b, org.springframework.boot.test.autoconfigure.restdocs.RestDocsTestExecutionListener@415262a0, org.springframework.boot.test.autoconfigure.web.client.MockRestServiceServerResetTestExecutionListener@19c1f6f4, org.springframework.boot.test.autoconfigure.web.servlet.MockMvcPrintOnlyOnFailureTestExecutionListener@46fa2a7e, org.springframework.boot.test.autoconfigure.web.servlet.WebDriverTestExecutionListener@3d02ff64, org.springframework.boot.test.autoconfigure.webservices.client.MockWebServiceServerTestExecutionListener@6f17dd06]
2023-11-20 19:59:56.209  INFO 26756 --- [main] c.m.uiservice.UiServiceApplicationTests  : Starting UiServiceApplicationTests using Java 17.0.6 on LAPTOP-PN5D3RE4 with PID 26756 (started by igoro in D:\prog_web\prog\Project 9\practice\mycode\prod\Mediscreen\ui-service)
2023-11-20 19:59:56.210  INFO 26756 --- [main] c.m.uiservice.UiServiceApplicationTests  : The following 1 profile is active: "dev"
2023-11-20 19:59:56.451  INFO 26756 --- [main] o.s.cloud.context.scope.GenericScope     : BeanFactory id=865e06d9-4d7d-3d3d-a36f-e1c088b81e4d
2023-11-20 19:59:56.941  INFO 26756 --- [main] o.s.b.a.w.s.WelcomePageHandlerMapping    : Adding welcome page template: index
2023-11-20 19:59:58.205  INFO 26756 --- [main] o.s.cloud.commons.util.InetUtils         : Cannot determine local hostname
2023-11-20 19:59:58.228  INFO 26756 --- [main] c.m.uiservice.UiServiceApplicationTests  : Started UiServiceApplicationTests in 3.164 seconds (JVM running for 9.383)
2023-11-20 19:59:58.235  INFO 26756 --- [main] .b.t.a.w.s.WebMvcTestContextBootstrapper : Neither @ContextConfiguration nor @ContextHierarchy found for test class [com.mediscreen.uiservice.controller.NoteControllerTest], using SpringBootContextLoader
2023-11-20 19:59:58.235  INFO 26756 --- [main] o.s.t.c.support.AbstractContextLoader    : Could not detect default resource locations for test class [com.mediscreen.uiservice.controller.NoteControllerTest]: no resource found for suffixes {-context.xml, Context.groovy}.
2023-11-20 19:59:58.235  INFO 26756 --- [main] t.c.s.AnnotationConfigContextLoaderUtils : Could not detect default configuration classes for test class [com.mediscreen.uiservice.controller.NoteControllerTest]: NoteControllerTest does not declare any static, non-private, non-final, nested classes annotated with @Configuration.
2023-11-20 19:59:58.240  INFO 26756 --- [main] .b.t.c.SpringBootTestContextBootstrapper : Found @SpringBootConfiguration com.mediscreen.uiservice.UiServiceApplication for test class com.mediscreen.uiservice.controller.NoteControllerTest
2023-11-20 19:59:58.240  INFO 26756 --- [main] .b.t.a.w.s.WebMvcTestContextBootstrapper : Loaded default TestExecutionListener class names from location [META-INF/spring.factories]: [org.springframework.boot.test.mock.mockito.MockitoTestExecutionListener, org.springframework.boot.test.mock.mockito.ResetMocksTestExecutionListener, org.springframework.boot.test.autoconfigure.restdocs.RestDocsTestExecutionListener, org.springframework.boot.test.autoconfigure.web.client.MockRestServiceServerResetTestExecutionListener, org.springframework.boot.test.autoconfigure.web.servlet.MockMvcPrintOnlyOnFailureTestExecutionListener, org.springframework.boot.test.autoconfigure.web.servlet.WebDriverTestExecutionListener, org.springframework.boot.test.autoconfigure.webservices.client.MockWebServiceServerTestExecutionListener, org.springframework.test.context.web.ServletTestExecutionListener, org.springframework.test.context.support.DirtiesContextBeforeModesTestExecutionListener, org.springframework.test.context.event.ApplicationEventsTestExecutionListener, org.springframework.test.context.support.DependencyInjectionTestExecutionListener, org.springframework.test.context.support.DirtiesContextTestExecutionListener, org.springframework.test.context.transaction.TransactionalTestExecutionListener, org.springframework.test.context.jdbc.SqlScriptsTestExecutionListener, org.springframework.test.context.event.EventPublishingTestExecutionListener]
2023-11-20 19:59:58.241  INFO 26756 --- [main] .b.t.a.w.s.WebMvcTestContextBootstrapper : Using TestExecutionListeners: [org.springframework.test.context.web.ServletTestExecutionListener@1820f274, org.springframework.test.context.support.DirtiesContextBeforeModesTestExecutionListener@221cdd87, org.springframework.test.context.event.ApplicationEventsTestExecutionListener@4d66cb, org.springframework.boot.test.mock.mockito.MockitoTestExecutionListener@7c79f2cf, org.springframework.boot.test.autoconfigure.SpringBootDependencyInjectionTestExecutionListener@63551c66, org.springframework.test.context.support.DirtiesContextTestExecutionListener@2761156e, org.springframework.test.context.event.EventPublishingTestExecutionListener@4cf15477, org.springframework.boot.test.mock.mockito.ResetMocksTestExecutionListener@7fad28ac, org.springframework.boot.test.autoconfigure.restdocs.RestDocsTestExecutionListener@3450bd13, org.springframework.boot.test.autoconfigure.web.client.MockRestServiceServerResetTestExecutionListener@1bb51492, org.springframework.boot.test.autoconfigure.web.servlet.MockMvcPrintOnlyOnFailureTestExecutionListener@5da1a97f, org.springframework.boot.test.autoconfigure.web.servlet.WebDriverTestExecutionListener@4b5f022f, org.springframework.boot.test.autoconfigure.webservices.client.MockWebServiceServerTestExecutionListener@7a569672]
2023-11-20 19:59:59.394  INFO 26756 --- [main] c.m.u.controller.NoteControllerTest      : Starting NoteControllerTest using Java 17.0.6 on LAPTOP-PN5D3RE4 with PID 26756 (started by igoro in D:\prog_web\prog\Project 9\practice\mycode\prod\Mediscreen\ui-service)
2023-11-20 19:59:59.396  INFO 26756 --- [main] c.m.u.controller.NoteControllerTest      : The following 1 profile is active: "dev"
2023-11-20 19:59:59.598  INFO 26756 --- [main] o.s.b.a.w.s.WelcomePageHandlerMapping    : Adding welcome page template: index
2023-11-20 19:59:59.693  INFO 26756 --- [main] o.s.b.t.m.w.SpringBootMockServletContext : Initializing Spring TestDispatcherServlet ''
2023-11-20 19:59:59.693  INFO 26756 --- [main] o.s.t.web.servlet.TestDispatcherServlet  : Initializing Servlet ''
2023-11-20 19:59:59.694  INFO 26756 --- [main] o.s.t.web.servlet.TestDispatcherServlet  : Completed initialization in 1 ms
2023-11-20 19:59:59.702  INFO 26756 --- [main] c.m.u.controller.NoteControllerTest      : Started NoteControllerTest in 1.459 seconds (JVM running for 10.856)
2023-11-20 19:59:59.714 ERROR 26756 --- [main] c.m.uiservice.controller.NoteController  : UI-SERVICE: NoteController - Update note form has errors
2023-11-20 19:59:59.745  INFO 26756 --- [main] c.m.uiservice.controller.NoteController  : UI-SERVICE: NoteController - Get add note form by patient ID
2023-11-20 19:59:59.757  INFO 26756 --- [main] c.m.uiservice.controller.NoteController  : UI-SERVICE: NoteController - The note has been updated successfully.
2023-11-20 19:59:59.765  INFO 26756 --- [main] c.m.uiservice.controller.NoteController  : UI-SERVICE: NoteController - The note has been created successfully.
2023-11-20 19:59:59.781  INFO 26756 --- [main] c.m.uiservice.controller.NoteController  : UI-SERVICE: NoteController - Get notes list by patient ID
2023-11-20 19:59:59.796 ERROR 26756 --- [main] c.m.uiservice.controller.NoteController  : UI-SERVICE: NoteController - Add note form has errors
2023-11-20 19:59:59.807  INFO 26756 --- [main] c.m.uiservice.controller.NoteController  : UI-SERVICE: NoteController - Delete note by note ID
2023-11-20 19:59:59.814  INFO 26756 --- [main] c.m.uiservice.controller.NoteController  : UI-SERVICE: NoteController - Get note update form by note ID
2023-11-20 19:59:59.821  INFO 26756 --- [main] .b.t.c.SpringBootTestContextBootstrapper : Neither @ContextConfiguration nor @ContextHierarchy found for test class [com.mediscreen.uiservice.integration.NoteControllerIntegrationTest], using SpringBootContextLoader
2023-11-20 19:59:59.823  INFO 26756 --- [main] o.s.t.c.support.AbstractContextLoader    : Could not detect default resource locations for test class [com.mediscreen.uiservice.integration.NoteControllerIntegrationTest]: no resource found for suffixes {-context.xml, Context.groovy}.
2023-11-20 19:59:59.823  INFO 26756 --- [main] t.c.s.AnnotationConfigContextLoaderUtils : Could not detect default configuration classes for test class [com.mediscreen.uiservice.integration.NoteControllerIntegrationTest]: NoteControllerIntegrationTest does not declare any static, non-private, non-final, nested classes annotated with @Configuration.
2023-11-20 19:59:59.829  INFO 26756 --- [main] .b.t.c.SpringBootTestContextBootstrapper : Found @SpringBootConfiguration com.mediscreen.uiservice.UiServiceApplication for test class com.mediscreen.uiservice.integration.NoteControllerIntegrationTest
2023-11-20 19:59:59.830  INFO 26756 --- [main] .b.t.c.SpringBootTestContextBootstrapper : Loaded default TestExecutionListener class names from location [META-INF/spring.factories]: [org.springframework.boot.test.mock.mockito.MockitoTestExecutionListener, org.springframework.boot.test.mock.mockito.ResetMocksTestExecutionListener, org.springframework.boot.test.autoconfigure.restdocs.RestDocsTestExecutionListener, org.springframework.boot.test.autoconfigure.web.client.MockRestServiceServerResetTestExecutionListener, org.springframework.boot.test.autoconfigure.web.servlet.MockMvcPrintOnlyOnFailureTestExecutionListener, org.springframework.boot.test.autoconfigure.web.servlet.WebDriverTestExecutionListener, org.springframework.boot.test.autoconfigure.webservices.client.MockWebServiceServerTestExecutionListener, org.springframework.test.context.web.ServletTestExecutionListener, org.springframework.test.context.support.DirtiesContextBeforeModesTestExecutionListener, org.springframework.test.context.event.ApplicationEventsTestExecutionListener, org.springframework.test.context.support.DependencyInjectionTestExecutionListener, org.springframework.test.context.support.DirtiesContextTestExecutionListener, org.springframework.test.context.transaction.TransactionalTestExecutionListener, org.springframework.test.context.jdbc.SqlScriptsTestExecutionListener, org.springframework.test.context.event.EventPublishingTestExecutionListener]
2023-11-20 19:59:59.831  INFO 26756 --- [main] .b.t.c.SpringBootTestContextBootstrapper : Using TestExecutionListeners: [org.springframework.test.context.web.ServletTestExecutionListener@2f64f99f, org.springframework.test.context.support.DirtiesContextBeforeModesTestExecutionListener@16c1d11, org.springframework.test.context.event.ApplicationEventsTestExecutionListener@123d0816, org.springframework.boot.test.mock.mockito.MockitoTestExecutionListener@4601a148, org.springframework.boot.test.autoconfigure.SpringBootDependencyInjectionTestExecutionListener@4e210016, org.springframework.test.context.support.DirtiesContextTestExecutionListener@2fc40856, org.springframework.test.context.event.EventPublishingTestExecutionListener@5543d800, org.springframework.boot.test.mock.mockito.ResetMocksTestExecutionListener@1e033801, org.springframework.boot.test.autoconfigure.restdocs.RestDocsTestExecutionListener@58e4aa67, org.springframework.boot.test.autoconfigure.web.client.MockRestServiceServerResetTestExecutionListener@57ed8f95, org.springframework.boot.test.autoconfigure.web.servlet.MockMvcPrintOnlyOnFailureTestExecutionListener@1c25deb0, org.springframework.boot.test.autoconfigure.web.servlet.WebDriverTestExecutionListener@1be12e05, org.springframework.boot.test.autoconfigure.webservices.client.MockWebServiceServerTestExecutionListener@66ab088c]
2023-11-20 20:00:00.982  INFO 26756 --- [main] c.m.u.i.NoteControllerIntegrationTest    : Starting NoteControllerIntegrationTest using Java 17.0.6 on LAPTOP-PN5D3RE4 with PID 26756 (started by igoro in D:\prog_web\prog\Project 9\practice\mycode\prod\Mediscreen\ui-service)
2023-11-20 20:00:00.982  INFO 26756 --- [main] c.m.u.i.NoteControllerIntegrationTest    : The following 1 profile is active: "dev"
2023-11-20 20:00:01.083  INFO 26756 --- [main] o.s.cloud.context.scope.GenericScope     : BeanFactory id=80fee988-5d70-3edf-a3ed-de6d77cc8df5
2023-11-20 20:00:01.287  INFO 26756 --- [main] o.s.b.a.w.s.WelcomePageHandlerMapping    : Adding welcome page template: index
2023-11-20 20:00:01.394  INFO 26756 --- [main] o.s.b.t.m.w.SpringBootMockServletContext : Initializing Spring TestDispatcherServlet ''
2023-11-20 20:00:01.394  INFO 26756 --- [main] o.s.t.web.servlet.TestDispatcherServlet  : Initializing Servlet ''
2023-11-20 20:00:01.394  INFO 26756 --- [main] o.s.t.web.servlet.TestDispatcherServlet  : Completed initialization in 0 ms
2023-11-20 20:00:02.533  INFO 26756 --- [main] o.s.cloud.commons.util.InetUtils         : Cannot determine local hostname
2023-11-20 20:00:02.548  INFO 26756 --- [main] c.m.u.i.NoteControllerIntegrationTest    : Started NoteControllerIntegrationTest in 2.715 seconds (JVM running for 13.703)
2023-11-20 20:00:02.557 ERROR 26756 --- [main] c.m.uiservice.controller.NoteController  : UI-SERVICE: NoteController - Update note form has errors
2023-11-20 20:00:02.655  INFO 26756 --- [main] c.m.uiservice.controller.NoteController  : UI-SERVICE: NoteController - Get add note form by patient ID
2023-11-20 20:00:02.709  INFO 26756 --- [main] c.m.uiservice.controller.NoteController  : UI-SERVICE: NoteController - The note has been updated successfully.
2023-11-20 20:00:02.739  INFO 26756 --- [main] c.m.uiservice.controller.NoteController  : UI-SERVICE: NoteController - The note has been created successfully.
2023-11-20 20:00:02.767  INFO 26756 --- [main] c.m.uiservice.controller.NoteController  : UI-SERVICE: NoteController - Get notes list by patient ID
2023-11-20 20:00:02.774 ERROR 26756 --- [main] c.m.uiservice.controller.NoteController  : UI-SERVICE: NoteController - Add note form has errors
2023-11-20 20:00:02.786  INFO 26756 --- [main] c.m.uiservice.controller.NoteController  : UI-SERVICE: NoteController - Get note update form by note ID
2023-11-20 20:00:02.790  INFO 26756 --- [main] .b.t.c.SpringBootTestContextBootstrapper : Neither @ContextConfiguration nor @ContextHierarchy found for test class [com.mediscreen.uiservice.integration.ReportControllerIntegrationTest], using SpringBootContextLoader
2023-11-20 20:00:02.790  INFO 26756 --- [main] o.s.t.c.support.AbstractContextLoader    : Could not detect default resource locations for test class [com.mediscreen.uiservice.integration.ReportControllerIntegrationTest]: no resource found for suffixes {-context.xml, Context.groovy}.
2023-11-20 20:00:02.791  INFO 26756 --- [main] t.c.s.AnnotationConfigContextLoaderUtils : Could not detect default configuration classes for test class [com.mediscreen.uiservice.integration.ReportControllerIntegrationTest]: ReportControllerIntegrationTest does not declare any static, non-private, non-final, nested classes annotated with @Configuration.
2023-11-20 20:00:02.792  INFO 26756 --- [main] .b.t.c.SpringBootTestContextBootstrapper : Found @SpringBootConfiguration com.mediscreen.uiservice.UiServiceApplication for test class com.mediscreen.uiservice.integration.ReportControllerIntegrationTest
2023-11-20 20:00:02.793  INFO 26756 --- [main] .b.t.c.SpringBootTestContextBootstrapper : Loaded default TestExecutionListener class names from location [META-INF/spring.factories]: [org.springframework.boot.test.mock.mockito.MockitoTestExecutionListener, org.springframework.boot.test.mock.mockito.ResetMocksTestExecutionListener, org.springframework.boot.test.autoconfigure.restdocs.RestDocsTestExecutionListener, org.springframework.boot.test.autoconfigure.web.client.MockRestServiceServerResetTestExecutionListener, org.springframework.boot.test.autoconfigure.web.servlet.MockMvcPrintOnlyOnFailureTestExecutionListener, org.springframework.boot.test.autoconfigure.web.servlet.WebDriverTestExecutionListener, org.springframework.boot.test.autoconfigure.webservices.client.MockWebServiceServerTestExecutionListener, org.springframework.test.context.web.ServletTestExecutionListener, org.springframework.test.context.support.DirtiesContextBeforeModesTestExecutionListener, org.springframework.test.context.event.ApplicationEventsTestExecutionListener, org.springframework.test.context.support.DependencyInjectionTestExecutionListener, org.springframework.test.context.support.DirtiesContextTestExecutionListener, org.springframework.test.context.transaction.TransactionalTestExecutionListener, org.springframework.test.context.jdbc.SqlScriptsTestExecutionListener, org.springframework.test.context.event.EventPublishingTestExecutionListener]
2023-11-20 20:00:02.794  INFO 26756 --- [main] .b.t.c.SpringBootTestContextBootstrapper : Using TestExecutionListeners: [org.springframework.test.context.web.ServletTestExecutionListener@1d0fc0bc, org.springframework.test.context.support.DirtiesContextBeforeModesTestExecutionListener@2003edf, org.springframework.test.context.event.ApplicationEventsTestExecutionListener@1735e1c4, org.springframework.boot.test.mock.mockito.MockitoTestExecutionListener@1ec09a68, org.springframework.boot.test.autoconfigure.SpringBootDependencyInjectionTestExecutionListener@7da9b32c, org.springframework.test.context.support.DirtiesContextTestExecutionListener@7e5c8c80, org.springframework.test.context.event.EventPublishingTestExecutionListener@46df794e, org.springframework.boot.test.mock.mockito.ResetMocksTestExecutionListener@5cd6a827, org.springframework.boot.test.autoconfigure.restdocs.RestDocsTestExecutionListener@6cd65042, org.springframework.boot.test.autoconfigure.web.client.MockRestServiceServerResetTestExecutionListener@7674f9d4, org.springframework.boot.test.autoconfigure.web.servlet.MockMvcPrintOnlyOnFailureTestExecutionListener@4b5ceb5d, org.springframework.boot.test.autoconfigure.web.servlet.WebDriverTestExecutionListener@22a2e581, org.springframework.boot.test.autoconfigure.webservices.client.MockWebServiceServerTestExecutionListener@7ca8f5d7]
2023-11-20 20:00:02.845  INFO 26756 --- [main] c.m.u.controller.ReportController        : UI-SERVICE: ReportController - Get report by patient ID
2023-11-20 20:00:02.874  INFO 26756 --- [main] .b.t.c.SpringBootTestContextBootstrapper : Neither @ContextConfiguration nor @ContextHierarchy found for test class [com.mediscreen.uiservice.integration.PatientControllerIntegrationTest], using SpringBootContextLoader
2023-11-20 20:00:02.874  INFO 26756 --- [main] o.s.t.c.support.AbstractContextLoader    : Could not detect default resource locations for test class [com.mediscreen.uiservice.integration.PatientControllerIntegrationTest]: no resource found for suffixes {-context.xml, Context.groovy}.
2023-11-20 20:00:02.874  INFO 26756 --- [main] t.c.s.AnnotationConfigContextLoaderUtils : Could not detect default configuration classes for test class [com.mediscreen.uiservice.integration.PatientControllerIntegrationTest]: PatientControllerIntegrationTest does not declare any static, non-private, non-final, nested classes annotated with @Configuration.
2023-11-20 20:00:02.876  INFO 26756 --- [main] .b.t.c.SpringBootTestContextBootstrapper : Found @SpringBootConfiguration com.mediscreen.uiservice.UiServiceApplication for test class com.mediscreen.uiservice.integration.PatientControllerIntegrationTest
2023-11-20 20:00:02.876  INFO 26756 --- [main] .b.t.c.SpringBootTestContextBootstrapper : Loaded default TestExecutionListener class names from location [META-INF/spring.factories]: [org.springframework.boot.test.mock.mockito.MockitoTestExecutionListener, org.springframework.boot.test.mock.mockito.ResetMocksTestExecutionListener, org.springframework.boot.test.autoconfigure.restdocs.RestDocsTestExecutionListener, org.springframework.boot.test.autoconfigure.web.client.MockRestServiceServerResetTestExecutionListener, org.springframework.boot.test.autoconfigure.web.servlet.MockMvcPrintOnlyOnFailureTestExecutionListener, org.springframework.boot.test.autoconfigure.web.servlet.WebDriverTestExecutionListener, org.springframework.boot.test.autoconfigure.webservices.client.MockWebServiceServerTestExecutionListener, org.springframework.test.context.web.ServletTestExecutionListener, org.springframework.test.context.support.DirtiesContextBeforeModesTestExecutionListener, org.springframework.test.context.event.ApplicationEventsTestExecutionListener, org.springframework.test.context.support.DependencyInjectionTestExecutionListener, org.springframework.test.context.support.DirtiesContextTestExecutionListener, org.springframework.test.context.transaction.TransactionalTestExecutionListener, org.springframework.test.context.jdbc.SqlScriptsTestExecutionListener, org.springframework.test.context.event.EventPublishingTestExecutionListener]
2023-11-20 20:00:02.876  INFO 26756 --- [main] .b.t.c.SpringBootTestContextBootstrapper : Using TestExecutionListeners: [org.springframework.test.context.web.ServletTestExecutionListener@438a65a7, org.springframework.test.context.support.DirtiesContextBeforeModesTestExecutionListener@543c887, org.springframework.test.context.event.ApplicationEventsTestExecutionListener@75f446df, org.springframework.boot.test.mock.mockito.MockitoTestExecutionListener@3751baf6, org.springframework.boot.test.autoconfigure.SpringBootDependencyInjectionTestExecutionListener@27e656e6, org.springframework.test.context.support.DirtiesContextTestExecutionListener@3cfab56d, org.springframework.test.context.event.EventPublishingTestExecutionListener@6b6fde93, org.springframework.boot.test.mock.mockito.ResetMocksTestExecutionListener@51d34f02, org.springframework.boot.test.autoconfigure.restdocs.RestDocsTestExecutionListener@441762b8, org.springframework.boot.test.autoconfigure.web.client.MockRestServiceServerResetTestExecutionListener@2d2fe68a, org.springframework.boot.test.autoconfigure.web.servlet.MockMvcPrintOnlyOnFailureTestExecutionListener@38213efa, org.springframework.boot.test.autoconfigure.web.servlet.WebDriverTestExecutionListener@73c1dda3, org.springframework.boot.test.autoconfigure.webservices.client.MockWebServiceServerTestExecutionListener@c3c63c1]
2023-11-20 20:00:02.903  INFO 26756 --- [main] c.m.u.controller.PatientController       : UI-SERVICE: PatientController - Get patients list
2023-11-20 20:00:02.938  WARN 26756 --- [main] c.m.u.controller.PatientController       : UI-SERVICE: PatientController - The birth date is incorrect.
2023-11-20 20:00:02.962  INFO 26756 --- [main] c.m.u.controller.PatientController       : UI-SERVICE: PatientController - Get update patient form by patient ID
2023-11-20 20:00:03.029  INFO 26756 --- [main] c.m.u.controller.PatientController       : UI-SERVICE: PatientController - The patient has been updated successfully.
2023-11-20 20:00:03.034  WARN 26756 --- [main] c.m.u.controller.PatientController       : UI-SERVICE: PatientController - The birth date is incorrect.
2023-11-20 20:00:03.048 ERROR 26756 --- [main] c.m.u.controller.PatientController       : UI-SERVICE: PatientController - Update patient form has errors
2023-11-20 20:00:03.065  WARN 26756 --- [main] c.m.u.controller.PatientController       : UI-SERVICE: PatientController - Search patient by last name. The search is successful.
2023-11-20 20:00:03.087  WARN 26756 --- [main] c.m.u.controller.PatientController       : UI-SERVICE: PatientController - Search patient by last name. The search is successful.
2023-11-20 20:00:03.101  WARN 26756 --- [main] c.m.u.controller.PatientController       : UI-SERVICE: PatientController - Search patient by last name. Patient not found.
2023-11-20 20:00:03.111  WARN 26756 --- [main] c.m.u.controller.PatientController       : UI-SERVICE: PatientController - Search patient by last name. Patient not found.
2023-11-20 20:00:25.380  INFO 10952 --- [main] c.m.u.i.PatientControllerIntegrationTest : Starting PatientControllerIntegrationTest using Java 17.0.6 on LAPTOP-PN5D3RE4 with PID 10952 (started by igoro in D:\prog_web\prog\Project 9\practice\mycode\prod\Mediscreen\ui-service)
2023-11-20 20:00:25.381  INFO 10952 --- [main] c.m.u.i.PatientControllerIntegrationTest : The following 1 profile is active: "dev"
2023-11-20 20:00:26.132  INFO 10952 --- [main] o.s.cloud.context.scope.GenericScope     : BeanFactory id=80fee988-5d70-3edf-a3ed-de6d77cc8df5
2023-11-20 20:00:26.922  INFO 10952 --- [main] o.s.b.a.w.s.WelcomePageHandlerMapping    : Adding welcome page template: index
2023-11-20 20:00:27.209  INFO 10952 --- [main] o.s.b.t.m.w.SpringBootMockServletContext : Initializing Spring TestDispatcherServlet ''
2023-11-20 20:00:27.210  INFO 10952 --- [main] o.s.t.web.servlet.TestDispatcherServlet  : Initializing Servlet ''
2023-11-20 20:00:27.211  INFO 10952 --- [main] o.s.t.web.servlet.TestDispatcherServlet  : Completed initialization in 1 ms
2023-11-20 20:00:28.376  INFO 10952 --- [main] o.s.cloud.commons.util.InetUtils         : Cannot determine local hostname
2023-11-20 20:00:28.407  INFO 10952 --- [main] c.m.u.i.PatientControllerIntegrationTest : Started PatientControllerIntegrationTest in 4.449 seconds (JVM running for 5.405)
2023-11-20 20:00:28.851  INFO 10952 --- [main] c.m.u.controller.PatientController       : UI-SERVICE: PatientController - Get patients list
2023-11-20 20:00:51.550  INFO 4636 --- [main] c.m.u.controller.ReportControllerTest    : Starting ReportControllerTest using Java 17.0.6 on LAPTOP-PN5D3RE4 with PID 4636 (started by igoro in D:\prog_web\prog\Project 9\practice\mycode\prod\Mediscreen\ui-service)
2023-11-20 20:00:51.551  INFO 4636 --- [main] c.m.u.controller.ReportControllerTest    : The following 1 profile is active: "dev"
2023-11-20 20:00:52.778  INFO 4636 --- [main] o.s.b.a.w.s.WelcomePageHandlerMapping    : Adding welcome page template: index
2023-11-20 20:00:52.979  INFO 4636 --- [main] o.s.b.t.m.w.SpringBootMockServletContext : Initializing Spring TestDispatcherServlet ''
2023-11-20 20:00:52.980  INFO 4636 --- [main] o.s.t.web.servlet.TestDispatcherServlet  : Initializing Servlet ''
2023-11-20 20:00:52.981  INFO 4636 --- [main] o.s.t.web.servlet.TestDispatcherServlet  : Completed initialization in 1 ms
2023-11-20 20:00:53.010  INFO 4636 --- [main] c.m.u.controller.ReportControllerTest    : Started ReportControllerTest in 2.927 seconds (JVM running for 3.94)
2023-11-20 20:00:53.100  INFO 4636 --- [main] c.m.u.controller.ReportController        : UI-SERVICE: ReportController - Get report by patient ID
2023-11-20 20:00:53.321  INFO 4636 --- [main] .b.t.a.w.s.WebMvcTestContextBootstrapper : Neither @ContextConfiguration nor @ContextHierarchy found for test class [com.mediscreen.uiservice.controller.PatientControllerTest], using SpringBootContextLoader
2023-11-20 20:00:53.323  INFO 4636 --- [main] o.s.t.c.support.AbstractContextLoader    : Could not detect default resource locations for test class [com.mediscreen.uiservice.controller.PatientControllerTest]: no resource found for suffixes {-context.xml, Context.groovy}.
2023-11-20 20:00:53.323  INFO 4636 --- [main] t.c.s.AnnotationConfigContextLoaderUtils : Could not detect default configuration classes for test class [com.mediscreen.uiservice.controller.PatientControllerTest]: PatientControllerTest does not declare any static, non-private, non-final, nested classes annotated with @Configuration.
2023-11-20 20:00:53.325  INFO 4636 --- [main] .b.t.c.SpringBootTestContextBootstrapper : Found @SpringBootConfiguration com.mediscreen.uiservice.UiServiceApplication for test class com.mediscreen.uiservice.controller.PatientControllerTest
2023-11-20 20:00:53.326  INFO 4636 --- [main] .b.t.a.w.s.WebMvcTestContextBootstrapper : Loaded default TestExecutionListener class names from location [META-INF/spring.factories]: [org.springframework.boot.test.mock.mockito.MockitoTestExecutionListener, org.springframework.boot.test.mock.mockito.ResetMocksTestExecutionListener, org.springframework.boot.test.autoconfigure.restdocs.RestDocsTestExecutionListener, org.springframework.boot.test.autoconfigure.web.client.MockRestServiceServerResetTestExecutionListener, org.springframework.boot.test.autoconfigure.web.servlet.MockMvcPrintOnlyOnFailureTestExecutionListener, org.springframework.boot.test.autoconfigure.web.servlet.WebDriverTestExecutionListener, org.springframework.boot.test.autoconfigure.webservices.client.MockWebServiceServerTestExecutionListener, org.springframework.test.context.web.ServletTestExecutionListener, org.springframework.test.context.support.DirtiesContextBeforeModesTestExecutionListener, org.springframework.test.context.event.ApplicationEventsTestExecutionListener, org.springframework.test.context.support.DependencyInjectionTestExecutionListener, org.springframework.test.context.support.DirtiesContextTestExecutionListener, org.springframework.test.context.transaction.TransactionalTestExecutionListener, org.springframework.test.context.jdbc.SqlScriptsTestExecutionListener, org.springframework.test.context.event.EventPublishingTestExecutionListener]
2023-11-20 20:00:53.327  INFO 4636 --- [main] .b.t.a.w.s.WebMvcTestContextBootstrapper : Using TestExecutionListeners: [org.springframework.test.context.web.ServletTestExecutionListener@279c4e3b, org.springframework.test.context.support.DirtiesContextBeforeModesTestExecutionListener@334b392d, org.springframework.test.context.event.ApplicationEventsTestExecutionListener@59f7c106, org.springframework.boot.test.mock.mockito.MockitoTestExecutionListener@136fece2, org.springframework.boot.test.autoconfigure.SpringBootDependencyInjectionTestExecutionListener@56478522, org.springframework.test.context.support.DirtiesContextTestExecutionListener@3caf5c96, org.springframework.test.context.event.EventPublishingTestExecutionListener@5b3755f4, org.springframework.boot.test.mock.mockito.ResetMocksTestExecutionListener@37d3aa8c, org.springframework.boot.test.autoconfigure.restdocs.RestDocsTestExecutionListener@5dd747c1, org.springframework.boot.test.autoconfigure.web.client.MockRestServiceServerResetTestExecutionListener@1bdafb01, org.springframework.boot.test.autoconfigure.web.servlet.MockMvcPrintOnlyOnFailureTestExecutionListener@7aa3857b, org.springframework.boot.test.autoconfigure.web.servlet.WebDriverTestExecutionListener@500ec769, org.springframework.boot.test.autoconfigure.webservices.client.MockWebServiceServerTestExecutionListener@37806be6]
2023-11-20 20:00:54.472  INFO 4636 --- [main] c.m.u.controller.PatientControllerTest   : Starting PatientControllerTest using Java 17.0.6 on LAPTOP-PN5D3RE4 with PID 4636 (started by igoro in D:\prog_web\prog\Project 9\practice\mycode\prod\Mediscreen\ui-service)
2023-11-20 20:00:54.472  INFO 4636 --- [main] c.m.u.controller.PatientControllerTest   : The following 1 profile is active: "dev"
2023-11-20 20:00:54.737  INFO 4636 --- [main] o.s.b.a.w.s.WelcomePageHandlerMapping    : Adding welcome page template: index
2023-11-20 20:00:54.839  INFO 4636 --- [main] o.s.b.t.m.w.SpringBootMockServletContext : Initializing Spring TestDispatcherServlet ''
2023-11-20 20:00:54.839  INFO 4636 --- [main] o.s.t.web.servlet.TestDispatcherServlet  : Initializing Servlet ''
2023-11-20 20:00:54.839  INFO 4636 --- [main] o.s.t.web.servlet.TestDispatcherServlet  : Completed initialization in 0 ms
2023-11-20 20:00:54.849  INFO 4636 --- [main] c.m.u.controller.PatientControllerTest   : Started PatientControllerTest in 1.52 seconds (JVM running for 5.778)
2023-11-20 20:00:54.862  INFO 4636 --- [main] c.m.u.controller.PatientController       : UI-SERVICE: PatientController - Get patients list
2023-11-20 20:00:55.027  WARN 4636 --- [main] javax.persistence.spi                    : javax.persistence.spi::No valid providers found.
2023-11-20 20:00:55.045  WARN 4636 --- [main] c.m.u.controller.PatientController       : UI-SERVICE: PatientController - The birth date is incorrect.
2023-11-20 20:00:55.090  INFO 4636 --- [main] c.m.u.controller.PatientController       : UI-SERVICE: PatientController - Get update patient form by patient ID
2023-11-20 20:00:55.110  INFO 4636 --- [main] c.m.u.controller.PatientController       : UI-SERVICE: PatientController - The patient has been updated successfully.
2023-11-20 20:00:55.121  WARN 4636 --- [main] c.m.u.controller.PatientController       : UI-SERVICE: PatientController - The birth date is incorrect.
2023-11-20 20:00:55.142 ERROR 4636 --- [main] c.m.u.controller.PatientController       : UI-SERVICE: PatientController - Update patient form has errors
2023-11-20 20:00:55.158  WARN 4636 --- [main] c.m.u.controller.PatientController       : UI-SERVICE: PatientController - Search patient by last name. The search is successful.
2023-11-20 20:00:55.173  INFO 4636 --- [main] c.m.u.controller.PatientController       : UI-SERVICE: PatientController - Delete patient by patient ID
2023-11-20 20:00:55.184  WARN 4636 --- [main] c.m.u.controller.PatientController       : UI-SERVICE: PatientController - Search patient by last name. The search is successful.
2023-11-20 20:00:55.200  WARN 4636 --- [main] c.m.u.controller.PatientController       : UI-SERVICE: PatientController - Search patient by last name. Patient not found.
2023-11-20 20:00:55.211  INFO 4636 --- [main] c.m.u.controller.PatientController       : UI-SERVICE: PatientController - The patient has been created successfully.
2023-11-20 20:00:55.221  WARN 4636 --- [main] c.m.u.controller.PatientController       : UI-SERVICE: PatientController - Search patient by last name. Patient not found.
2023-11-20 20:00:55.229  INFO 4636 --- [main] .b.t.c.SpringBootTestContextBootstrapper : Neither @ContextConfiguration nor @ContextHierarchy found for test class [com.mediscreen.uiservice.UiServiceApplicationTests], using SpringBootContextLoader
2023-11-20 20:00:55.230  INFO 4636 --- [main] o.s.t.c.support.AbstractContextLoader    : Could not detect default resource locations for test class [com.mediscreen.uiservice.UiServiceApplicationTests]: no resource found for suffixes {-context.xml, Context.groovy}.
2023-11-20 20:00:55.230  INFO 4636 --- [main] t.c.s.AnnotationConfigContextLoaderUtils : Could not detect default configuration classes for test class [com.mediscreen.uiservice.UiServiceApplicationTests]: UiServiceApplicationTests does not declare any static, non-private, non-final, nested classes annotated with @Configuration.
2023-11-20 20:00:55.235  INFO 4636 --- [main] .b.t.c.SpringBootTestContextBootstrapper : Found @SpringBootConfiguration com.mediscreen.uiservice.UiServiceApplication for test class com.mediscreen.uiservice.UiServiceApplicationTests
2023-11-20 20:00:55.240  INFO 4636 --- [main] .b.t.c.SpringBootTestContextBootstrapper : Loaded default TestExecutionListener class names from location [META-INF/spring.factories]: [org.springframework.boot.test.mock.mockito.MockitoTestExecutionListener, org.springframework.boot.test.mock.mockito.ResetMocksTestExecutionListener, org.springframework.boot.test.autoconfigure.restdocs.RestDocsTestExecutionListener, org.springframework.boot.test.autoconfigure.web.client.MockRestServiceServerResetTestExecutionListener, org.springframework.boot.test.autoconfigure.web.servlet.MockMvcPrintOnlyOnFailureTestExecutionListener, org.springframework.boot.test.autoconfigure.web.servlet.WebDriverTestExecutionListener, org.springframework.boot.test.autoconfigure.webservices.client.MockWebServiceServerTestExecutionListener, org.springframework.test.context.web.ServletTestExecutionListener, org.springframework.test.context.support.DirtiesContextBeforeModesTestExecutionListener, org.springframework.test.context.event.ApplicationEventsTestExecutionListener, org.springframework.test.context.support.DependencyInjectionTestExecutionListener, org.springframework.test.context.support.DirtiesContextTestExecutionListener, org.springframework.test.context.transaction.TransactionalTestExecutionListener, org.springframework.test.context.jdbc.SqlScriptsTestExecutionListener, org.springframework.test.context.event.EventPublishingTestExecutionListener]
2023-11-20 20:00:55.241  INFO 4636 --- [main] .b.t.c.SpringBootTestContextBootstrapper : Using TestExecutionListeners: [org.springframework.test.context.web.ServletTestExecutionListener@47c5cbf2, org.springframework.test.context.support.DirtiesContextBeforeModesTestExecutionListener@1031c1a0, org.springframework.test.context.event.ApplicationEventsTestExecutionListener@519b0f00, org.springframework.boot.test.mock.mockito.MockitoTestExecutionListener@4888d1ea, org.springframework.boot.test.autoconfigure.SpringBootDependencyInjectionTestExecutionListener@217b0952, org.springframework.test.context.support.DirtiesContextTestExecutionListener@3fd9e01c, org.springframework.test.context.event.EventPublishingTestExecutionListener@36330be8, org.springframework.boot.test.mock.mockito.ResetMocksTestExecutionListener@38ba8b45, org.springframework.boot.test.autoconfigure.restdocs.RestDocsTestExecutionListener@41f23499, org.springframework.boot.test.autoconfigure.web.client.MockRestServiceServerResetTestExecutionListener@31dbf5bb, org.springframework.boot.test.autoconfigure.web.servlet.MockMvcPrintOnlyOnFailureTestExecutionListener@1f19d423, org.springframework.boot.test.autoconfigure.web.servlet.WebDriverTestExecutionListener@73958426, org.springframework.boot.test.autoconfigure.webservices.client.MockWebServiceServerTestExecutionListener@23933031]
2023-11-20 20:00:56.385  INFO 4636 --- [main] c.m.uiservice.UiServiceApplicationTests  : Starting UiServiceApplicationTests using Java 17.0.6 on LAPTOP-PN5D3RE4 with PID 4636 (started by igoro in D:\prog_web\prog\Project 9\practice\mycode\prod\Mediscreen\ui-service)
2023-11-20 20:00:56.386  INFO 4636 --- [main] c.m.uiservice.UiServiceApplicationTests  : The following 1 profile is active: "dev"
2023-11-20 20:00:56.604  INFO 4636 --- [main] o.s.cloud.context.scope.GenericScope     : BeanFactory id=865e06d9-4d7d-3d3d-a36f-e1c088b81e4d
2023-11-20 20:00:57.068  INFO 4636 --- [main] o.s.b.a.w.s.WelcomePageHandlerMapping    : Adding welcome page template: index
2023-11-20 20:00:58.348  INFO 4636 --- [main] o.s.cloud.commons.util.InetUtils         : Cannot determine local hostname
2023-11-20 20:00:58.374  INFO 4636 --- [main] c.m.uiservice.UiServiceApplicationTests  : Started UiServiceApplicationTests in 3.131 seconds (JVM running for 9.304)
2023-11-20 20:00:58.381  INFO 4636 --- [main] .b.t.a.w.s.WebMvcTestContextBootstrapper : Neither @ContextConfiguration nor @ContextHierarchy found for test class [com.mediscreen.uiservice.controller.NoteControllerTest], using SpringBootContextLoader
2023-11-20 20:00:58.382  INFO 4636 --- [main] o.s.t.c.support.AbstractContextLoader    : Could not detect default resource locations for test class [com.mediscreen.uiservice.controller.NoteControllerTest]: no resource found for suffixes {-context.xml, Context.groovy}.
2023-11-20 20:00:58.382  INFO 4636 --- [main] t.c.s.AnnotationConfigContextLoaderUtils : Could not detect default configuration classes for test class [com.mediscreen.uiservice.controller.NoteControllerTest]: NoteControllerTest does not declare any static, non-private, non-final, nested classes annotated with @Configuration.
2023-11-20 20:00:58.385  INFO 4636 --- [main] .b.t.c.SpringBootTestContextBootstrapper : Found @SpringBootConfiguration com.mediscreen.uiservice.UiServiceApplication for test class com.mediscreen.uiservice.controller.NoteControllerTest
2023-11-20 20:00:58.385  INFO 4636 --- [main] .b.t.a.w.s.WebMvcTestContextBootstrapper : Loaded default TestExecutionListener class names from location [META-INF/spring.factories]: [org.springframework.boot.test.mock.mockito.MockitoTestExecutionListener, org.springframework.boot.test.mock.mockito.ResetMocksTestExecutionListener, org.springframework.boot.test.autoconfigure.restdocs.RestDocsTestExecutionListener, org.springframework.boot.test.autoconfigure.web.client.MockRestServiceServerResetTestExecutionListener, org.springframework.boot.test.autoconfigure.web.servlet.MockMvcPrintOnlyOnFailureTestExecutionListener, org.springframework.boot.test.autoconfigure.web.servlet.WebDriverTestExecutionListener, org.springframework.boot.test.autoconfigure.webservices.client.MockWebServiceServerTestExecutionListener, org.springframework.test.context.web.ServletTestExecutionListener, org.springframework.test.context.support.DirtiesContextBeforeModesTestExecutionListener, org.springframework.test.context.event.ApplicationEventsTestExecutionListener, org.springframework.test.context.support.DependencyInjectionTestExecutionListener, org.springframework.test.context.support.DirtiesContextTestExecutionListener, org.springframework.test.context.transaction.TransactionalTestExecutionListener, org.springframework.test.context.jdbc.SqlScriptsTestExecutionListener, org.springframework.test.context.event.EventPublishingTestExecutionListener]
2023-11-20 20:00:58.386  INFO 4636 --- [main] .b.t.a.w.s.WebMvcTestContextBootstrapper : Using TestExecutionListeners: [org.springframework.test.context.web.ServletTestExecutionListener@4c0bfe9e, org.springframework.test.context.support.DirtiesContextBeforeModesTestExecutionListener@490fbeaa, org.springframework.test.context.event.ApplicationEventsTestExecutionListener@35dc849b, org.springframework.boot.test.mock.mockito.MockitoTestExecutionListener@276aa33f, org.springframework.boot.test.autoconfigure.SpringBootDependencyInjectionTestExecutionListener@34065642, org.springframework.test.context.support.DirtiesContextTestExecutionListener@c85486, org.springframework.test.context.event.EventPublishingTestExecutionListener@51e1e058, org.springframework.boot.test.mock.mockito.ResetMocksTestExecutionListener@23e0c200, org.springframework.boot.test.autoconfigure.restdocs.RestDocsTestExecutionListener@25d23478, org.springframework.boot.test.autoconfigure.web.client.MockRestServiceServerResetTestExecutionListener@677c2820, org.springframework.boot.test.autoconfigure.web.servlet.MockMvcPrintOnlyOnFailureTestExecutionListener@39c1e7b7, org.springframework.boot.test.autoconfigure.web.servlet.WebDriverTestExecutionListener@1c14d24d, org.springframework.boot.test.autoconfigure.webservices.client.MockWebServiceServerTestExecutionListener@28515443]
2023-11-20 20:00:59.524  INFO 4636 --- [main] c.m.u.controller.NoteControllerTest      : Starting NoteControllerTest using Java 17.0.6 on LAPTOP-PN5D3RE4 with PID 4636 (started by igoro in D:\prog_web\prog\Project 9\practice\mycode\prod\Mediscreen\ui-service)
2023-11-20 20:00:59.524  INFO 4636 --- [main] c.m.u.controller.NoteControllerTest      : The following 1 profile is active: "dev"
2023-11-20 20:00:59.745  INFO 4636 --- [main] o.s.b.a.w.s.WelcomePageHandlerMapping    : Adding welcome page template: index
2023-11-20 20:00:59.847  INFO 4636 --- [main] o.s.b.t.m.w.SpringBootMockServletContext : Initializing Spring TestDispatcherServlet ''
2023-11-20 20:00:59.847  INFO 4636 --- [main] o.s.t.web.servlet.TestDispatcherServlet  : Initializing Servlet ''
2023-11-20 20:00:59.848  INFO 4636 --- [main] o.s.t.web.servlet.TestDispatcherServlet  : Completed initialization in 0 ms
2023-11-20 20:00:59.860  INFO 4636 --- [main] c.m.u.controller.NoteControllerTest      : Started NoteControllerTest in 1.472 seconds (JVM running for 10.789)
2023-11-20 20:00:59.876 ERROR 4636 --- [main] c.m.uiservice.controller.NoteController  : UI-SERVICE: NoteController - Update note form has errors
2023-11-20 20:00:59.905  INFO 4636 --- [main] c.m.uiservice.controller.NoteController  : UI-SERVICE: NoteController - Get add note form by patient ID
2023-11-20 20:00:59.919  INFO 4636 --- [main] c.m.uiservice.controller.NoteController  : UI-SERVICE: NoteController - The note has been updated successfully.
2023-11-20 20:00:59.929  INFO 4636 --- [main] c.m.uiservice.controller.NoteController  : UI-SERVICE: NoteController - The note has been created successfully.
2023-11-20 20:00:59.944  INFO 4636 --- [main] c.m.uiservice.controller.NoteController  : UI-SERVICE: NoteController - Get notes list by patient ID
2023-11-20 20:00:59.961 ERROR 4636 --- [main] c.m.uiservice.controller.NoteController  : UI-SERVICE: NoteController - Add note form has errors
2023-11-20 20:00:59.975  INFO 4636 --- [main] c.m.uiservice.controller.NoteController  : UI-SERVICE: NoteController - Delete note by note ID
2023-11-20 20:00:59.990  INFO 4636 --- [main] c.m.uiservice.controller.NoteController  : UI-SERVICE: NoteController - Get note update form by note ID
2023-11-20 20:00:59.997  INFO 4636 --- [main] .b.t.c.SpringBootTestContextBootstrapper : Neither @ContextConfiguration nor @ContextHierarchy found for test class [com.mediscreen.uiservice.integration.NoteControllerIntegrationTest], using SpringBootContextLoader
2023-11-20 20:00:59.998  INFO 4636 --- [main] o.s.t.c.support.AbstractContextLoader    : Could not detect default resource locations for test class [com.mediscreen.uiservice.integration.NoteControllerIntegrationTest]: no resource found for suffixes {-context.xml, Context.groovy}.
2023-11-20 20:00:59.999  INFO 4636 --- [main] t.c.s.AnnotationConfigContextLoaderUtils : Could not detect default configuration classes for test class [com.mediscreen.uiservice.integration.NoteControllerIntegrationTest]: NoteControllerIntegrationTest does not declare any static, non-private, non-final, nested classes annotated with @Configuration.
2023-11-20 20:01:00.007  INFO 4636 --- [main] .b.t.c.SpringBootTestContextBootstrapper : Found @SpringBootConfiguration com.mediscreen.uiservice.UiServiceApplication for test class com.mediscreen.uiservice.integration.NoteControllerIntegrationTest
2023-11-20 20:01:00.009  INFO 4636 --- [main] .b.t.c.SpringBootTestContextBootstrapper : Loaded default TestExecutionListener class names from location [META-INF/spring.factories]: [org.springframework.boot.test.mock.mockito.MockitoTestExecutionListener, org.springframework.boot.test.mock.mockito.ResetMocksTestExecutionListener, org.springframework.boot.test.autoconfigure.restdocs.RestDocsTestExecutionListener, org.springframework.boot.test.autoconfigure.web.client.MockRestServiceServerResetTestExecutionListener, org.springframework.boot.test.autoconfigure.web.servlet.MockMvcPrintOnlyOnFailureTestExecutionListener, org.springframework.boot.test.autoconfigure.web.servlet.WebDriverTestExecutionListener, org.springframework.boot.test.autoconfigure.webservices.client.MockWebServiceServerTestExecutionListener, org.springframework.test.context.web.ServletTestExecutionListener, org.springframework.test.context.support.DirtiesContextBeforeModesTestExecutionListener, org.springframework.test.context.event.ApplicationEventsTestExecutionListener, org.springframework.test.context.support.DependencyInjectionTestExecutionListener, org.springframework.test.context.support.DirtiesContextTestExecutionListener, org.springframework.test.context.transaction.TransactionalTestExecutionListener, org.springframework.test.context.jdbc.SqlScriptsTestExecutionListener, org.springframework.test.context.event.EventPublishingTestExecutionListener]
2023-11-20 20:01:00.010  INFO 4636 --- [main] .b.t.c.SpringBootTestContextBootstrapper : Using TestExecutionListeners: [org.springframework.test.context.web.ServletTestExecutionListener@ed1d2cf, org.springframework.test.context.support.DirtiesContextBeforeModesTestExecutionListener@b814e23, org.springframework.test.context.event.ApplicationEventsTestExecutionListener@5f81507a, org.springframework.boot.test.mock.mockito.MockitoTestExecutionListener@7d7c05fa, org.springframework.boot.test.autoconfigure.SpringBootDependencyInjectionTestExecutionListener@7dbbf730, org.springframework.test.context.support.DirtiesContextTestExecutionListener@7c4a5ef2, org.springframework.test.context.event.EventPublishingTestExecutionListener@299dd381, org.springframework.boot.test.mock.mockito.ResetMocksTestExecutionListener@34d3409d, org.springframework.boot.test.autoconfigure.restdocs.RestDocsTestExecutionListener@16732340, org.springframework.boot.test.autoconfigure.web.client.MockRestServiceServerResetTestExecutionListener@38e052b2, org.springframework.boot.test.autoconfigure.web.servlet.MockMvcPrintOnlyOnFailureTestExecutionListener@7fa68ff4, org.springframework.boot.test.autoconfigure.web.servlet.WebDriverTestExecutionListener@515fff35, org.springframework.boot.test.autoconfigure.webservices.client.MockWebServiceServerTestExecutionListener@5eb9bf7d]
2023-11-20 20:01:01.153  INFO 4636 --- [main] c.m.u.i.NoteControllerIntegrationTest    : Starting NoteControllerIntegrationTest using Java 17.0.6 on LAPTOP-PN5D3RE4 with PID 4636 (started by igoro in D:\prog_web\prog\Project 9\practice\mycode\prod\Mediscreen\ui-service)
2023-11-20 20:01:01.153  INFO 4636 --- [main] c.m.u.i.NoteControllerIntegrationTest    : The following 1 profile is active: "dev"
2023-11-20 20:01:01.250  INFO 4636 --- [main] o.s.cloud.context.scope.GenericScope     : BeanFactory id=80fee988-5d70-3edf-a3ed-de6d77cc8df5
2023-11-20 20:01:01.482  INFO 4636 --- [main] o.s.b.a.w.s.WelcomePageHandlerMapping    : Adding welcome page template: index
2023-11-20 20:01:01.593  INFO 4636 --- [main] o.s.b.t.m.w.SpringBootMockServletContext : Initializing Spring TestDispatcherServlet ''
2023-11-20 20:01:01.594  INFO 4636 --- [main] o.s.t.web.servlet.TestDispatcherServlet  : Initializing Servlet ''
2023-11-20 20:01:01.594  INFO 4636 --- [main] o.s.t.web.servlet.TestDispatcherServlet  : Completed initialization in 0 ms
2023-11-20 20:01:02.725  INFO 4636 --- [main] o.s.cloud.commons.util.InetUtils         : Cannot determine local hostname
2023-11-20 20:01:02.740  INFO 4636 --- [main] c.m.u.i.NoteControllerIntegrationTest    : Started NoteControllerIntegrationTest in 2.727 seconds (JVM running for 13.67)
2023-11-20 20:01:02.747 ERROR 4636 --- [main] c.m.uiservice.controller.NoteController  : UI-SERVICE: NoteController - Update note form has errors
2023-11-20 20:01:02.879  INFO 4636 --- [main] c.m.uiservice.controller.NoteController  : UI-SERVICE: NoteController - Get add note form by patient ID
2023-11-20 20:01:02.916  INFO 4636 --- [main] c.m.uiservice.controller.NoteController  : UI-SERVICE: NoteController - The note has been updated successfully.
2023-11-20 20:01:02.936  INFO 4636 --- [main] c.m.uiservice.controller.NoteController  : UI-SERVICE: NoteController - The note has been created successfully.
2023-11-20 20:01:02.962  INFO 4636 --- [main] c.m.uiservice.controller.NoteController  : UI-SERVICE: NoteController - Get notes list by patient ID
2023-11-20 20:01:02.971 ERROR 4636 --- [main] c.m.uiservice.controller.NoteController  : UI-SERVICE: NoteController - Add note form has errors
2023-11-20 20:01:02.980  INFO 4636 --- [main] c.m.uiservice.controller.NoteController  : UI-SERVICE: NoteController - Get note update form by note ID
2023-11-20 20:01:02.985  INFO 4636 --- [main] .b.t.c.SpringBootTestContextBootstrapper : Neither @ContextConfiguration nor @ContextHierarchy found for test class [com.mediscreen.uiservice.integration.ReportControllerIntegrationTest], using SpringBootContextLoader
2023-11-20 20:01:02.985  INFO 4636 --- [main] o.s.t.c.support.AbstractContextLoader    : Could not detect default resource locations for test class [com.mediscreen.uiservice.integration.ReportControllerIntegrationTest]: no resource found for suffixes {-context.xml, Context.groovy}.
2023-11-20 20:01:02.985  INFO 4636 --- [main] t.c.s.AnnotationConfigContextLoaderUtils : Could not detect default configuration classes for test class [com.mediscreen.uiservice.integration.ReportControllerIntegrationTest]: ReportControllerIntegrationTest does not declare any static, non-private, non-final, nested classes annotated with @Configuration.
2023-11-20 20:01:02.987  INFO 4636 --- [main] .b.t.c.SpringBootTestContextBootstrapper : Found @SpringBootConfiguration com.mediscreen.uiservice.UiServiceApplication for test class com.mediscreen.uiservice.integration.ReportControllerIntegrationTest
2023-11-20 20:01:02.989  INFO 4636 --- [main] .b.t.c.SpringBootTestContextBootstrapper : Loaded default TestExecutionListener class names from location [META-INF/spring.factories]: [org.springframework.boot.test.mock.mockito.MockitoTestExecutionListener, org.springframework.boot.test.mock.mockito.ResetMocksTestExecutionListener, org.springframework.boot.test.autoconfigure.restdocs.RestDocsTestExecutionListener, org.springframework.boot.test.autoconfigure.web.client.MockRestServiceServerResetTestExecutionListener, org.springframework.boot.test.autoconfigure.web.servlet.MockMvcPrintOnlyOnFailureTestExecutionListener, org.springframework.boot.test.autoconfigure.web.servlet.WebDriverTestExecutionListener, org.springframework.boot.test.autoconfigure.webservices.client.MockWebServiceServerTestExecutionListener, org.springframework.test.context.web.ServletTestExecutionListener, org.springframework.test.context.support.DirtiesContextBeforeModesTestExecutionListener, org.springframework.test.context.event.ApplicationEventsTestExecutionListener, org.springframework.test.context.support.DependencyInjectionTestExecutionListener, org.springframework.test.context.support.DirtiesContextTestExecutionListener, org.springframework.test.context.transaction.TransactionalTestExecutionListener, org.springframework.test.context.jdbc.SqlScriptsTestExecutionListener, org.springframework.test.context.event.EventPublishingTestExecutionListener]
2023-11-20 20:01:02.989  INFO 4636 --- [main] .b.t.c.SpringBootTestContextBootstrapper : Using TestExecutionListeners: [org.springframework.test.context.web.ServletTestExecutionListener@574413bd, org.springframework.test.context.support.DirtiesContextBeforeModesTestExecutionListener@3ad9fea, org.springframework.test.context.event.ApplicationEventsTestExecutionListener@556e4588, org.springframework.boot.test.mock.mockito.MockitoTestExecutionListener@4f5df012, org.springframework.boot.test.autoconfigure.SpringBootDependencyInjectionTestExecutionListener@38f3dbbf, org.springframework.test.context.support.DirtiesContextTestExecutionListener@574e4184, org.springframework.test.context.event.EventPublishingTestExecutionListener@70ab1ce0, org.springframework.boot.test.mock.mockito.ResetMocksTestExecutionListener@50d6af87, org.springframework.boot.test.autoconfigure.restdocs.RestDocsTestExecutionListener@765eb801, org.springframework.boot.test.autoconfigure.web.client.MockRestServiceServerResetTestExecutionListener@53b9952f, org.springframework.boot.test.autoconfigure.web.servlet.MockMvcPrintOnlyOnFailureTestExecutionListener@7bdddfa4, org.springframework.boot.test.autoconfigure.web.servlet.WebDriverTestExecutionListener@1e12fdcf, org.springframework.boot.test.autoconfigure.webservices.client.MockWebServiceServerTestExecutionListener@1d0fc0bc]
2023-11-20 20:01:03.042  INFO 4636 --- [main] c.m.u.controller.ReportController        : UI-SERVICE: ReportController - Get report by patient ID
2023-11-20 20:01:03.071  INFO 4636 --- [main] .b.t.c.SpringBootTestContextBootstrapper : Neither @ContextConfiguration nor @ContextHierarchy found for test class [com.mediscreen.uiservice.integration.PatientControllerIntegrationTest], using SpringBootContextLoader
2023-11-20 20:01:03.071  INFO 4636 --- [main] o.s.t.c.support.AbstractContextLoader    : Could not detect default resource locations for test class [com.mediscreen.uiservice.integration.PatientControllerIntegrationTest]: no resource found for suffixes {-context.xml, Context.groovy}.
2023-11-20 20:01:03.073  INFO 4636 --- [main] t.c.s.AnnotationConfigContextLoaderUtils : Could not detect default configuration classes for test class [com.mediscreen.uiservice.integration.PatientControllerIntegrationTest]: PatientControllerIntegrationTest does not declare any static, non-private, non-final, nested classes annotated with @Configuration.
2023-11-20 20:01:03.074  INFO 4636 --- [main] .b.t.c.SpringBootTestContextBootstrapper : Found @SpringBootConfiguration com.mediscreen.uiservice.UiServiceApplication for test class com.mediscreen.uiservice.integration.PatientControllerIntegrationTest
2023-11-20 20:01:03.074  INFO 4636 --- [main] .b.t.c.SpringBootTestContextBootstrapper : Loaded default TestExecutionListener class names from location [META-INF/spring.factories]: [org.springframework.boot.test.mock.mockito.MockitoTestExecutionListener, org.springframework.boot.test.mock.mockito.ResetMocksTestExecutionListener, org.springframework.boot.test.autoconfigure.restdocs.RestDocsTestExecutionListener, org.springframework.boot.test.autoconfigure.web.client.MockRestServiceServerResetTestExecutionListener, org.springframework.boot.test.autoconfigure.web.servlet.MockMvcPrintOnlyOnFailureTestExecutionListener, org.springframework.boot.test.autoconfigure.web.servlet.WebDriverTestExecutionListener, org.springframework.boot.test.autoconfigure.webservices.client.MockWebServiceServerTestExecutionListener, org.springframework.test.context.web.ServletTestExecutionListener, org.springframework.test.context.support.DirtiesContextBeforeModesTestExecutionListener, org.springframework.test.context.event.ApplicationEventsTestExecutionListener, org.springframework.test.context.support.DependencyInjectionTestExecutionListener, org.springframework.test.context.support.DirtiesContextTestExecutionListener, org.springframework.test.context.transaction.TransactionalTestExecutionListener, org.springframework.test.context.jdbc.SqlScriptsTestExecutionListener, org.springframework.test.context.event.EventPublishingTestExecutionListener]
2023-11-20 20:01:03.075  INFO 4636 --- [main] .b.t.c.SpringBootTestContextBootstrapper : Using TestExecutionListeners: [org.springframework.test.context.web.ServletTestExecutionListener@601e7c97, org.springframework.test.context.support.DirtiesContextBeforeModesTestExecutionListener@c8ed958, org.springframework.test.context.event.ApplicationEventsTestExecutionListener@18d09283, org.springframework.boot.test.mock.mockito.MockitoTestExecutionListener@751b901a, org.springframework.boot.test.autoconfigure.SpringBootDependencyInjectionTestExecutionListener@6672b0ea, org.springframework.test.context.support.DirtiesContextTestExecutionListener@1ccce165, org.springframework.test.context.event.EventPublishingTestExecutionListener@943cf5, org.springframework.boot.test.mock.mockito.ResetMocksTestExecutionListener@2926f7bd, org.springframework.boot.test.autoconfigure.restdocs.RestDocsTestExecutionListener@5a20f793, org.springframework.boot.test.autoconfigure.web.client.MockRestServiceServerResetTestExecutionListener@211cf27b, org.springframework.boot.test.autoconfigure.web.servlet.MockMvcPrintOnlyOnFailureTestExecutionListener@4e0139, org.springframework.boot.test.autoconfigure.web.servlet.WebDriverTestExecutionListener@1e4b9592, org.springframework.boot.test.autoconfigure.webservices.client.MockWebServiceServerTestExecutionListener@438a65a7]
2023-11-20 20:01:03.100  INFO 4636 --- [main] c.m.u.controller.PatientController       : UI-SERVICE: PatientController - Get patients list
2023-11-20 20:01:03.123  WARN 4636 --- [main] c.m.u.controller.PatientController       : UI-SERVICE: PatientController - The birth date is incorrect.
2023-11-20 20:01:03.146  INFO 4636 --- [main] c.m.u.controller.PatientController       : UI-SERVICE: PatientController - Get update patient form by patient ID
2023-11-20 20:01:03.167  INFO 4636 --- [main] c.m.u.controller.PatientController       : UI-SERVICE: PatientController - The patient has been updated successfully.
2023-11-20 20:01:03.172  WARN 4636 --- [main] c.m.u.controller.PatientController       : UI-SERVICE: PatientController - The birth date is incorrect.
2023-11-20 20:01:03.181 ERROR 4636 --- [main] c.m.u.controller.PatientController       : UI-SERVICE: PatientController - Update patient form has errors
2023-11-20 20:01:03.199  WARN 4636 --- [main] c.m.u.controller.PatientController       : UI-SERVICE: PatientController - Search patient by last name. The search is successful.
2023-11-20 20:01:03.223  WARN 4636 --- [main] c.m.u.controller.PatientController       : UI-SERVICE: PatientController - Search patient by last name. The search is successful.
2023-11-20 20:01:03.233  WARN 4636 --- [main] c.m.u.controller.PatientController       : UI-SERVICE: PatientController - Search patient by last name. Patient not found.
2023-11-20 20:01:03.248  WARN 4636 --- [main] c.m.u.controller.PatientController       : UI-SERVICE: PatientController - Search patient by last name. Patient not found.
2023-11-20 21:41:20.106  INFO 1904 --- [main] c.m.uiservice.UiServiceApplicationTests  : Starting UiServiceApplicationTests using Java 17.0.6 on LAPTOP-PN5D3RE4 with PID 1904 (started by igoro in D:\prog_web\prog\Project 9\practice\mycode\prod\Mediscreen\ui-service)
2023-11-20 21:41:20.107  INFO 1904 --- [main] c.m.uiservice.UiServiceApplicationTests  : The following 1 profile is active: "dev"
2023-11-20 21:41:20.951  INFO 1904 --- [main] o.s.cloud.context.scope.GenericScope     : BeanFactory id=865e06d9-4d7d-3d3d-a36f-e1c088b81e4d
2023-11-20 21:41:21.749  INFO 1904 --- [main] o.s.b.a.w.s.WelcomePageHandlerMapping    : Adding welcome page template: index
2023-11-20 21:41:23.182  INFO 1904 --- [main] o.s.cloud.commons.util.InetUtils         : Cannot determine local hostname
2023-11-20 21:41:23.214  INFO 1904 --- [main] c.m.uiservice.UiServiceApplicationTests  : Started UiServiceApplicationTests in 4.524 seconds (JVM running for 5.561)
